2018-08-05 09:13:31,217 INFO  [main] c.l.s.SpringbootApplication [SpringbootApplication.java:24] 启动成功
2018-08-05 09:13:32,143 INFO  [main] c.l.s.SpringbootApplication [StartupInfoLogger.java:48] Starting SpringbootApplication on USERCHI-NLCCGS7 with PID 688 (D:\Pratice\springboot\demo-rs\target\classes started by Administrator in D:\Pratice\springboot)
2018-08-05 09:13:32,143 INFO  [main] c.l.s.SpringbootApplication [SpringApplication.java:665] The following profiles are active: test
2018-08-05 09:13:32,330 INFO  [main] o.s.b.c.e.AnnotationConfigEmbeddedWebApplicationContext [AbstractApplicationContext.java:582] Refreshing org.springframework.boot.context.embedded.AnnotationConfigEmbeddedWebApplicationContext@4135c3b: startup date [Sun Aug 05 09:13:32 CST 2018]; root of context hierarchy
2018-08-05 09:13:32,658 INFO  [background-preinit] o.h.v.i.u.Version [Version.java:30] HV000001: Hibernate Validator 5.2.4.Final
2018-08-05 09:13:36,065 INFO  [main] o.s.c.s.PostProcessorRegistrationDelegate$BeanPostProcessorChecker [PostProcessorRegistrationDelegate.java:325] Bean 'org.springframework.transaction.annotation.ProxyTransactionManagementConfiguration' of type [class org.springframework.transaction.annotation.ProxyTransactionManagementConfiguration$$EnhancerBySpringCGLIB$$d9d301ff] is not eligible for getting processed by all BeanPostProcessors (for example: not eligible for auto-proxying)
2018-08-05 09:13:37,205 INFO  [main] o.s.b.c.e.t.TomcatEmbeddedServletContainer [TomcatEmbeddedServletContainer.java:87] Tomcat initialized with port(s): 8080 (http)
2018-08-05 09:13:37,221 INFO  [main] o.a.c.c.StandardService [DirectJDKLog.java:179] Starting service Tomcat
2018-08-05 09:13:37,237 INFO  [main] o.a.c.c.StandardEngine [DirectJDKLog.java:179] Starting Servlet Engine: Apache Tomcat/8.5.6
2018-08-05 09:13:37,632 INFO  [localhost-startStop-1] o.a.c.c.C.[.[.[/demo] [DirectJDKLog.java:179] Initializing Spring embedded WebApplicationContext
2018-08-05 09:13:37,633 INFO  [localhost-startStop-1] o.s.w.c.ContextLoader [EmbeddedWebApplicationContext.java:276] Root WebApplicationContext: initialization completed in 5303 ms
2018-08-05 09:13:38,098 INFO  [localhost-startStop-1] o.s.b.w.s.ServletRegistrationBean [ServletRegistrationBean.java:190] Mapping servlet: 'dispatcherServlet' to [/]
2018-08-05 09:13:38,113 INFO  [localhost-startStop-1] o.s.b.w.s.FilterRegistrationBean [AbstractFilterRegistrationBean.java:258] Mapping filter: 'characterEncodingFilter' to: [/*]
2018-08-05 09:13:38,113 INFO  [localhost-startStop-1] o.s.b.w.s.FilterRegistrationBean [AbstractFilterRegistrationBean.java:258] Mapping filter: 'hiddenHttpMethodFilter' to: [/*]
2018-08-05 09:13:38,113 INFO  [localhost-startStop-1] o.s.b.w.s.FilterRegistrationBean [AbstractFilterRegistrationBean.java:258] Mapping filter: 'httpPutFormContentFilter' to: [/*]
2018-08-05 09:13:38,113 INFO  [localhost-startStop-1] o.s.b.w.s.FilterRegistrationBean [AbstractFilterRegistrationBean.java:258] Mapping filter: 'requestContextFilter' to: [/*]
2018-08-05 09:13:39,784 INFO  [main] o.s.w.s.m.m.a.RequestMappingHandlerMapping [AbstractHandlerMethodMapping.java:543] Mapped "{[/index]}" onto public java.lang.String com.lcp.springboot.SpringbootApplication.index()
2018-08-05 09:13:39,799 INFO  [main] o.s.w.s.m.m.a.RequestMappingHandlerMapping [AbstractHandlerMethodMapping.java:543] Mapped "{[/v1.0/member/],methods=[POST]}" onto public int com.lcp.springboot.controller.MemberController.add(com.lcp.springboot.model.MemberModel)
2018-08-05 09:13:39,799 INFO  [main] o.s.w.s.m.m.a.RequestMappingHandlerMapping [AbstractHandlerMethodMapping.java:543] Mapped "{[/v1.0/member/],methods=[GET]}" onto public java.util.List<com.lcp.springboot.model.MemberModel> com.lcp.springboot.controller.MemberController.get()
2018-08-05 09:13:39,799 INFO  [main] o.s.w.s.m.m.a.RequestMappingHandlerMapping [AbstractHandlerMethodMapping.java:543] Mapped "{[/v1.0/member/],methods=[DELETE]}" onto public int com.lcp.springboot.controller.MemberController.delete(java.lang.Integer)
2018-08-05 09:13:39,799 INFO  [main] o.s.w.s.m.m.a.RequestMappingHandlerMapping [AbstractHandlerMethodMapping.java:543] Mapped "{[/v1.0/member/{id}],methods=[GET]}" onto public com.lcp.springboot.model.MemberModel com.lcp.springboot.controller.MemberController.getModel(java.lang.Integer)
2018-08-05 09:13:39,799 INFO  [main] o.s.w.s.m.m.a.RequestMappingHandlerMapping [AbstractHandlerMethodMapping.java:543] Mapped "{[/v2/api-docs],methods=[GET],produces=[application/json || application/hal+json]}" onto public org.springframework.http.ResponseEntity<springfox.documentation.spring.web.json.Json> springfox.documentation.swagger2.web.Swagger2Controller.getDocumentation(java.lang.String,javax.servlet.http.HttpServletRequest)
2018-08-05 09:13:39,799 INFO  [main] o.s.w.s.m.m.a.RequestMappingHandlerMapping [AbstractHandlerMethodMapping.java:543] Mapped "{[/swagger-resources/configuration/ui]}" onto org.springframework.http.ResponseEntity<springfox.documentation.swagger.web.UiConfiguration> springfox.documentation.swagger.web.ApiResourceController.uiConfiguration()
2018-08-05 09:13:39,815 INFO  [main] o.s.w.s.m.m.a.RequestMappingHandlerMapping [AbstractHandlerMethodMapping.java:543] Mapped "{[/swagger-resources]}" onto org.springframework.http.ResponseEntity<java.util.List<springfox.documentation.swagger.web.SwaggerResource>> springfox.documentation.swagger.web.ApiResourceController.swaggerResources()
2018-08-05 09:13:39,817 INFO  [main] o.s.w.s.m.m.a.RequestMappingHandlerMapping [AbstractHandlerMethodMapping.java:543] Mapped "{[/swagger-resources/configuration/security]}" onto org.springframework.http.ResponseEntity<springfox.documentation.swagger.web.SecurityConfiguration> springfox.documentation.swagger.web.ApiResourceController.securityConfiguration()
2018-08-05 09:13:39,823 INFO  [main] o.s.w.s.m.m.a.RequestMappingHandlerMapping [AbstractHandlerMethodMapping.java:543] Mapped "{[/error]}" onto public org.springframework.http.ResponseEntity<java.util.Map<java.lang.String, java.lang.Object>> org.springframework.boot.autoconfigure.web.BasicErrorController.error(javax.servlet.http.HttpServletRequest)
2018-08-05 09:13:39,824 INFO  [main] o.s.w.s.m.m.a.RequestMappingHandlerMapping [AbstractHandlerMethodMapping.java:543] Mapped "{[/error],produces=[text/html]}" onto public org.springframework.web.servlet.ModelAndView org.springframework.boot.autoconfigure.web.BasicErrorController.errorHtml(javax.servlet.http.HttpServletRequest,javax.servlet.http.HttpServletResponse)
2018-08-05 09:13:40,295 INFO  [main] o.s.w.s.m.m.a.RequestMappingHandlerAdapter [RequestMappingHandlerAdapter.java:534] Looking for @ControllerAdvice: org.springframework.boot.context.embedded.AnnotationConfigEmbeddedWebApplicationContext@4135c3b: startup date [Sun Aug 05 09:13:32 CST 2018]; root of context hierarchy
2018-08-05 09:13:40,438 INFO  [main] o.s.w.s.h.SimpleUrlHandlerMapping [AbstractUrlHandlerMapping.java:354] Mapped URL path [/webjars/**] onto handler of type [class org.springframework.web.servlet.resource.ResourceHttpRequestHandler]
2018-08-05 09:13:40,438 INFO  [main] o.s.w.s.h.SimpleUrlHandlerMapping [AbstractUrlHandlerMapping.java:354] Mapped URL path [/**] onto handler of type [class org.springframework.web.servlet.resource.ResourceHttpRequestHandler]
2018-08-05 09:13:40,616 INFO  [main] o.s.w.s.h.SimpleUrlHandlerMapping [AbstractUrlHandlerMapping.java:354] Mapped URL path [/**/favicon.ico] onto handler of type [class org.springframework.web.servlet.resource.ResourceHttpRequestHandler]
2018-08-05 09:13:41,138 INFO  [main] o.s.j.e.a.AnnotationMBeanExporter [MBeanExporter.java:431] Registering beans for JMX exposure on startup
2018-08-05 09:13:41,153 INFO  [main] o.s.c.s.DefaultLifecycleProcessor [DefaultLifecycleProcessor.java:341] Starting beans in phase 2147483647
2018-08-05 09:13:41,153 INFO  [main] s.d.s.w.p.DocumentationPluginsBootstrapper [DocumentationPluginsBootstrapper.java:120] Context refreshed
2018-08-05 09:13:41,178 INFO  [main] s.d.s.w.p.DocumentationPluginsBootstrapper [DocumentationPluginsBootstrapper.java:123] Found 1 custom documentation plugin(s)
2018-08-05 09:13:41,205 INFO  [main] s.d.s.w.s.ApiListingReferenceScanner [ApiListingReferenceScanner.java:44] Scanning for api listing references
2018-08-05 09:13:41,534 INFO  [main] o.a.c.h.Http11NioProtocol [DirectJDKLog.java:179] Initializing ProtocolHandler ["http-nio-8080"]
2018-08-05 09:13:41,559 INFO  [main] o.a.c.h.Http11NioProtocol [DirectJDKLog.java:179] Starting ProtocolHandler [http-nio-8080]
2018-08-05 09:13:41,580 INFO  [main] o.a.t.u.n.NioSelectorPool [DirectJDKLog.java:179] Using a shared selector for servlet write/read
2018-08-05 09:13:41,621 INFO  [main] o.s.b.c.e.t.TomcatEmbeddedServletContainer [TomcatEmbeddedServletContainer.java:185] Tomcat started on port(s): 8080 (http)
2018-08-05 09:13:41,628 INFO  [main] c.l.s.SpringbootApplication [StartupInfoLogger.java:57] Started SpringbootApplication in 10.177 seconds (JVM running for 12.53)
2018-08-05 09:15:47,321 INFO  [http-nio-8080-exec-1] o.a.c.c.C.[.[.[/demo] [DirectJDKLog.java:179] Initializing Spring FrameworkServlet 'dispatcherServlet'
2018-08-05 09:15:47,322 INFO  [http-nio-8080-exec-1] o.s.w.s.DispatcherServlet [FrameworkServlet.java:489] FrameworkServlet 'dispatcherServlet': initialization started
2018-08-05 09:15:47,361 INFO  [http-nio-8080-exec-1] o.s.w.s.DispatcherServlet [FrameworkServlet.java:508] FrameworkServlet 'dispatcherServlet': initialization completed in 39 ms
2018-08-05 09:57:33,721 INFO  [main] c.l.s.SpringbootApplication [SpringbootApplication.java:24] 启动成功
2018-08-05 09:57:34,995 INFO  [main] c.l.s.SpringbootApplication [StartupInfoLogger.java:48] Starting SpringbootApplication on USERCHI-NLCCGS7 with PID 3552 (D:\Pratice\springboot\demo-rs\target\classes started by Administrator in D:\Pratice\springboot)
2018-08-05 09:57:34,996 INFO  [main] c.l.s.SpringbootApplication [SpringApplication.java:665] The following profiles are active: test
2018-08-05 09:57:35,178 INFO  [main] o.s.b.c.e.AnnotationConfigEmbeddedWebApplicationContext [AbstractApplicationContext.java:582] Refreshing org.springframework.boot.context.embedded.AnnotationConfigEmbeddedWebApplicationContext@4135c3b: startup date [Sun Aug 05 09:57:35 CST 2018]; root of context hierarchy
2018-08-05 09:57:35,440 INFO  [background-preinit] o.h.v.i.u.Version [Version.java:30] HV000001: Hibernate Validator 5.2.4.Final
2018-08-05 09:57:37,358 INFO  [main] o.s.c.s.PostProcessorRegistrationDelegate$BeanPostProcessorChecker [PostProcessorRegistrationDelegate.java:325] Bean 'org.springframework.transaction.annotation.ProxyTransactionManagementConfiguration' of type [class org.springframework.transaction.annotation.ProxyTransactionManagementConfiguration$$EnhancerBySpringCGLIB$$367deff7] is not eligible for getting processed by all BeanPostProcessors (for example: not eligible for auto-proxying)
2018-08-05 09:57:37,936 INFO  [main] o.s.b.c.e.t.TomcatEmbeddedServletContainer [TomcatEmbeddedServletContainer.java:87] Tomcat initialized with port(s): 8080 (http)
2018-08-05 09:57:37,950 INFO  [main] o.a.c.c.StandardService [DirectJDKLog.java:179] Starting service Tomcat
2018-08-05 09:57:37,951 INFO  [main] o.a.c.c.StandardEngine [DirectJDKLog.java:179] Starting Servlet Engine: Apache Tomcat/8.5.6
2018-08-05 09:57:38,100 INFO  [localhost-startStop-1] o.a.c.c.C.[.[.[/demo] [DirectJDKLog.java:179] Initializing Spring embedded WebApplicationContext
2018-08-05 09:57:38,100 INFO  [localhost-startStop-1] o.s.w.c.ContextLoader [EmbeddedWebApplicationContext.java:276] Root WebApplicationContext: initialization completed in 2922 ms
2018-08-05 09:57:38,356 INFO  [localhost-startStop-1] o.s.b.w.s.ServletRegistrationBean [ServletRegistrationBean.java:190] Mapping servlet: 'dispatcherServlet' to [/]
2018-08-05 09:57:38,369 INFO  [localhost-startStop-1] o.s.b.w.s.FilterRegistrationBean [AbstractFilterRegistrationBean.java:258] Mapping filter: 'characterEncodingFilter' to: [/*]
2018-08-05 09:57:38,370 INFO  [localhost-startStop-1] o.s.b.w.s.FilterRegistrationBean [AbstractFilterRegistrationBean.java:258] Mapping filter: 'hiddenHttpMethodFilter' to: [/*]
2018-08-05 09:57:38,372 INFO  [localhost-startStop-1] o.s.b.w.s.FilterRegistrationBean [AbstractFilterRegistrationBean.java:258] Mapping filter: 'httpPutFormContentFilter' to: [/*]
2018-08-05 09:57:38,373 INFO  [localhost-startStop-1] o.s.b.w.s.FilterRegistrationBean [AbstractFilterRegistrationBean.java:258] Mapping filter: 'requestContextFilter' to: [/*]
2018-08-05 09:57:39,533 INFO  [main] o.s.w.s.m.m.a.RequestMappingHandlerMapping [AbstractHandlerMethodMapping.java:543] Mapped "{[/index]}" onto public java.lang.String com.lcp.springboot.SpringbootApplication.index()
2018-08-05 09:57:39,543 INFO  [main] o.s.w.s.m.m.a.RequestMappingHandlerMapping [AbstractHandlerMethodMapping.java:543] Mapped "{[/v1.0/member/],methods=[POST]}" onto public int com.lcp.springboot.controller.MemberController.add(com.lcp.springboot.model.MemberModel)
2018-08-05 09:57:39,543 INFO  [main] o.s.w.s.m.m.a.RequestMappingHandlerMapping [AbstractHandlerMethodMapping.java:543] Mapped "{[/v1.0/member/],methods=[GET]}" onto public java.util.List<com.lcp.springboot.model.MemberModel> com.lcp.springboot.controller.MemberController.get()
2018-08-05 09:57:39,544 INFO  [main] o.s.w.s.m.m.a.RequestMappingHandlerMapping [AbstractHandlerMethodMapping.java:543] Mapped "{[/v1.0/member/],methods=[DELETE]}" onto public int com.lcp.springboot.controller.MemberController.delete(java.lang.Integer)
2018-08-05 09:57:39,544 INFO  [main] o.s.w.s.m.m.a.RequestMappingHandlerMapping [AbstractHandlerMethodMapping.java:543] Mapped "{[/v1.0/member/{id}],methods=[GET]}" onto public com.lcp.springboot.model.MemberModel com.lcp.springboot.controller.MemberController.getModel(java.lang.Integer)
2018-08-05 09:57:39,545 INFO  [main] o.s.w.s.m.m.a.RequestMappingHandlerMapping [AbstractHandlerMethodMapping.java:543] Mapped "{[/v2/api-docs],methods=[GET],produces=[application/json || application/hal+json]}" onto public org.springframework.http.ResponseEntity<springfox.documentation.spring.web.json.Json> springfox.documentation.swagger2.web.Swagger2Controller.getDocumentation(java.lang.String,javax.servlet.http.HttpServletRequest)
2018-08-05 09:57:39,548 INFO  [main] o.s.w.s.m.m.a.RequestMappingHandlerMapping [AbstractHandlerMethodMapping.java:543] Mapped "{[/swagger-resources]}" onto org.springframework.http.ResponseEntity<java.util.List<springfox.documentation.swagger.web.SwaggerResource>> springfox.documentation.swagger.web.ApiResourceController.swaggerResources()
2018-08-05 09:57:39,550 INFO  [main] o.s.w.s.m.m.a.RequestMappingHandlerMapping [AbstractHandlerMethodMapping.java:543] Mapped "{[/swagger-resources/configuration/ui]}" onto org.springframework.http.ResponseEntity<springfox.documentation.swagger.web.UiConfiguration> springfox.documentation.swagger.web.ApiResourceController.uiConfiguration()
2018-08-05 09:57:39,551 INFO  [main] o.s.w.s.m.m.a.RequestMappingHandlerMapping [AbstractHandlerMethodMapping.java:543] Mapped "{[/swagger-resources/configuration/security]}" onto org.springframework.http.ResponseEntity<springfox.documentation.swagger.web.SecurityConfiguration> springfox.documentation.swagger.web.ApiResourceController.securityConfiguration()
2018-08-05 09:57:39,554 INFO  [main] o.s.w.s.m.m.a.RequestMappingHandlerMapping [AbstractHandlerMethodMapping.java:543] Mapped "{[/error]}" onto public org.springframework.http.ResponseEntity<java.util.Map<java.lang.String, java.lang.Object>> org.springframework.boot.autoconfigure.web.BasicErrorController.error(javax.servlet.http.HttpServletRequest)
2018-08-05 09:57:39,554 INFO  [main] o.s.w.s.m.m.a.RequestMappingHandlerMapping [AbstractHandlerMethodMapping.java:543] Mapped "{[/error],produces=[text/html]}" onto public org.springframework.web.servlet.ModelAndView org.springframework.boot.autoconfigure.web.BasicErrorController.errorHtml(javax.servlet.http.HttpServletRequest,javax.servlet.http.HttpServletResponse)
2018-08-05 09:57:39,824 INFO  [main] o.s.w.s.m.m.a.RequestMappingHandlerAdapter [RequestMappingHandlerAdapter.java:534] Looking for @ControllerAdvice: org.springframework.boot.context.embedded.AnnotationConfigEmbeddedWebApplicationContext@4135c3b: startup date [Sun Aug 05 09:57:35 CST 2018]; root of context hierarchy
2018-08-05 09:57:39,895 INFO  [main] o.s.w.s.h.SimpleUrlHandlerMapping [AbstractUrlHandlerMapping.java:354] Mapped URL path [/webjars/**] onto handler of type [class org.springframework.web.servlet.resource.ResourceHttpRequestHandler]
2018-08-05 09:57:39,895 INFO  [main] o.s.w.s.h.SimpleUrlHandlerMapping [AbstractUrlHandlerMapping.java:354] Mapped URL path [/**] onto handler of type [class org.springframework.web.servlet.resource.ResourceHttpRequestHandler]
2018-08-05 09:57:39,955 INFO  [main] o.s.w.s.h.SimpleUrlHandlerMapping [AbstractUrlHandlerMapping.java:354] Mapped URL path [/**/favicon.ico] onto handler of type [class org.springframework.web.servlet.resource.ResourceHttpRequestHandler]
2018-08-05 09:57:40,288 INFO  [main] o.s.j.e.a.AnnotationMBeanExporter [MBeanExporter.java:431] Registering beans for JMX exposure on startup
2018-08-05 09:57:40,298 INFO  [main] o.s.c.s.DefaultLifecycleProcessor [DefaultLifecycleProcessor.java:341] Starting beans in phase 2147483647
2018-08-05 09:57:40,299 INFO  [main] s.d.s.w.p.DocumentationPluginsBootstrapper [DocumentationPluginsBootstrapper.java:120] Context refreshed
2018-08-05 09:57:40,319 INFO  [main] s.d.s.w.p.DocumentationPluginsBootstrapper [DocumentationPluginsBootstrapper.java:123] Found 1 custom documentation plugin(s)
2018-08-05 09:57:40,330 INFO  [main] s.d.s.w.s.ApiListingReferenceScanner [ApiListingReferenceScanner.java:44] Scanning for api listing references
2018-08-05 09:57:40,592 INFO  [main] o.a.c.h.Http11NioProtocol [DirectJDKLog.java:179] Initializing ProtocolHandler ["http-nio-8080"]
2018-08-05 09:57:40,603 INFO  [main] o.a.c.h.Http11NioProtocol [DirectJDKLog.java:179] Starting ProtocolHandler [http-nio-8080]
2018-08-05 09:57:40,619 INFO  [main] o.a.t.u.n.NioSelectorPool [DirectJDKLog.java:179] Using a shared selector for servlet write/read
2018-08-05 09:57:40,646 INFO  [main] o.s.b.c.e.t.TomcatEmbeddedServletContainer [TomcatEmbeddedServletContainer.java:185] Tomcat started on port(s): 8080 (http)
2018-08-05 09:57:40,652 INFO  [main] c.l.s.SpringbootApplication [StartupInfoLogger.java:57] Started SpringbootApplication in 6.746 seconds (JVM running for 8.806)
2018-08-05 09:58:19,686 INFO  [http-nio-8080-exec-1] o.a.c.c.C.[.[.[/demo] [DirectJDKLog.java:179] Initializing Spring FrameworkServlet 'dispatcherServlet'
2018-08-05 09:58:19,686 INFO  [http-nio-8080-exec-1] o.s.w.s.DispatcherServlet [FrameworkServlet.java:489] FrameworkServlet 'dispatcherServlet': initialization started
2018-08-05 09:58:19,712 INFO  [http-nio-8080-exec-1] o.s.w.s.DispatcherServlet [FrameworkServlet.java:508] FrameworkServlet 'dispatcherServlet': initialization completed in 26 ms
2018-08-05 10:08:02,924 INFO  [main] c.l.s.SpringbootApplication [SpringbootApplication.java:24] 启动成功
2018-08-05 10:08:04,309 INFO  [main] c.l.s.SpringbootApplication [StartupInfoLogger.java:48] Starting SpringbootApplication on USERCHI-NLCCGS7 with PID 8968 (D:\Pratice\springboot\demo-rs\target\classes started by Administrator in D:\Pratice\springboot)
2018-08-05 10:08:04,310 INFO  [main] c.l.s.SpringbootApplication [SpringApplication.java:665] The following profiles are active: test
2018-08-05 10:08:04,450 INFO  [main] o.s.b.c.e.AnnotationConfigEmbeddedWebApplicationContext [AbstractApplicationContext.java:582] Refreshing org.springframework.boot.context.embedded.AnnotationConfigEmbeddedWebApplicationContext@4135c3b: startup date [Sun Aug 05 10:08:04 CST 2018]; root of context hierarchy
2018-08-05 10:08:04,671 INFO  [background-preinit] o.h.v.i.u.Version [Version.java:30] HV000001: Hibernate Validator 5.2.4.Final
2018-08-05 10:08:06,537 INFO  [main] o.s.c.s.PostProcessorRegistrationDelegate$BeanPostProcessorChecker [PostProcessorRegistrationDelegate.java:325] Bean 'org.springframework.transaction.annotation.ProxyTransactionManagementConfiguration' of type [class org.springframework.transaction.annotation.ProxyTransactionManagementConfiguration$$EnhancerBySpringCGLIB$$367deff7] is not eligible for getting processed by all BeanPostProcessors (for example: not eligible for auto-proxying)
2018-08-05 10:08:07,141 INFO  [main] o.s.b.c.e.t.TomcatEmbeddedServletContainer [TomcatEmbeddedServletContainer.java:87] Tomcat initialized with port(s): 8080 (http)
2018-08-05 10:08:07,155 INFO  [main] o.a.c.c.StandardService [DirectJDKLog.java:179] Starting service Tomcat
2018-08-05 10:08:07,156 INFO  [main] o.a.c.c.StandardEngine [DirectJDKLog.java:179] Starting Servlet Engine: Apache Tomcat/8.5.6
2018-08-05 10:08:07,324 INFO  [localhost-startStop-1] o.a.c.c.C.[.[.[/demo] [DirectJDKLog.java:179] Initializing Spring embedded WebApplicationContext
2018-08-05 10:08:07,325 INFO  [localhost-startStop-1] o.s.w.c.ContextLoader [EmbeddedWebApplicationContext.java:276] Root WebApplicationContext: initialization completed in 2875 ms
2018-08-05 10:08:07,571 INFO  [localhost-startStop-1] o.s.b.w.s.ServletRegistrationBean [ServletRegistrationBean.java:190] Mapping servlet: 'dispatcherServlet' to [/]
2018-08-05 10:08:07,583 INFO  [localhost-startStop-1] o.s.b.w.s.FilterRegistrationBean [AbstractFilterRegistrationBean.java:258] Mapping filter: 'characterEncodingFilter' to: [/*]
2018-08-05 10:08:07,585 INFO  [localhost-startStop-1] o.s.b.w.s.FilterRegistrationBean [AbstractFilterRegistrationBean.java:258] Mapping filter: 'hiddenHttpMethodFilter' to: [/*]
2018-08-05 10:08:07,586 INFO  [localhost-startStop-1] o.s.b.w.s.FilterRegistrationBean [AbstractFilterRegistrationBean.java:258] Mapping filter: 'httpPutFormContentFilter' to: [/*]
2018-08-05 10:08:07,587 INFO  [localhost-startStop-1] o.s.b.w.s.FilterRegistrationBean [AbstractFilterRegistrationBean.java:258] Mapping filter: 'requestContextFilter' to: [/*]
2018-08-05 10:08:08,676 INFO  [main] o.s.w.s.m.m.a.RequestMappingHandlerMapping [AbstractHandlerMethodMapping.java:543] Mapped "{[/index]}" onto public java.lang.String com.lcp.springboot.SpringbootApplication.index()
2018-08-05 10:08:08,685 INFO  [main] o.s.w.s.m.m.a.RequestMappingHandlerMapping [AbstractHandlerMethodMapping.java:543] Mapped "{[/v1.0/member/],methods=[POST]}" onto public int com.lcp.springboot.controller.MemberController.add(com.lcp.springboot.model.MemberModel)
2018-08-05 10:08:08,685 INFO  [main] o.s.w.s.m.m.a.RequestMappingHandlerMapping [AbstractHandlerMethodMapping.java:543] Mapped "{[/v1.0/member/],methods=[GET]}" onto public org.springframework.http.ResponseEntity<?> com.lcp.springboot.controller.MemberController.get()
2018-08-05 10:08:08,686 INFO  [main] o.s.w.s.m.m.a.RequestMappingHandlerMapping [AbstractHandlerMethodMapping.java:543] Mapped "{[/v1.0/member/],methods=[DELETE]}" onto public int com.lcp.springboot.controller.MemberController.delete(java.lang.Integer)
2018-08-05 10:08:08,686 INFO  [main] o.s.w.s.m.m.a.RequestMappingHandlerMapping [AbstractHandlerMethodMapping.java:543] Mapped "{[/v1.0/member/{id}],methods=[GET]}" onto public com.lcp.springboot.model.MemberModel com.lcp.springboot.controller.MemberController.getModel(java.lang.Integer)
2018-08-05 10:08:08,688 INFO  [main] o.s.w.s.m.m.a.RequestMappingHandlerMapping [AbstractHandlerMethodMapping.java:543] Mapped "{[/v2/api-docs],methods=[GET],produces=[application/json || application/hal+json]}" onto public org.springframework.http.ResponseEntity<springfox.documentation.spring.web.json.Json> springfox.documentation.swagger2.web.Swagger2Controller.getDocumentation(java.lang.String,javax.servlet.http.HttpServletRequest)
2018-08-05 10:08:08,690 INFO  [main] o.s.w.s.m.m.a.RequestMappingHandlerMapping [AbstractHandlerMethodMapping.java:543] Mapped "{[/swagger-resources/configuration/ui]}" onto org.springframework.http.ResponseEntity<springfox.documentation.swagger.web.UiConfiguration> springfox.documentation.swagger.web.ApiResourceController.uiConfiguration()
2018-08-05 10:08:08,692 INFO  [main] o.s.w.s.m.m.a.RequestMappingHandlerMapping [AbstractHandlerMethodMapping.java:543] Mapped "{[/swagger-resources]}" onto org.springframework.http.ResponseEntity<java.util.List<springfox.documentation.swagger.web.SwaggerResource>> springfox.documentation.swagger.web.ApiResourceController.swaggerResources()
2018-08-05 10:08:08,693 INFO  [main] o.s.w.s.m.m.a.RequestMappingHandlerMapping [AbstractHandlerMethodMapping.java:543] Mapped "{[/swagger-resources/configuration/security]}" onto org.springframework.http.ResponseEntity<springfox.documentation.swagger.web.SecurityConfiguration> springfox.documentation.swagger.web.ApiResourceController.securityConfiguration()
2018-08-05 10:08:08,695 INFO  [main] o.s.w.s.m.m.a.RequestMappingHandlerMapping [AbstractHandlerMethodMapping.java:543] Mapped "{[/error]}" onto public org.springframework.http.ResponseEntity<java.util.Map<java.lang.String, java.lang.Object>> org.springframework.boot.autoconfigure.web.BasicErrorController.error(javax.servlet.http.HttpServletRequest)
2018-08-05 10:08:08,696 INFO  [main] o.s.w.s.m.m.a.RequestMappingHandlerMapping [AbstractHandlerMethodMapping.java:543] Mapped "{[/error],produces=[text/html]}" onto public org.springframework.web.servlet.ModelAndView org.springframework.boot.autoconfigure.web.BasicErrorController.errorHtml(javax.servlet.http.HttpServletRequest,javax.servlet.http.HttpServletResponse)
2018-08-05 10:08:08,956 INFO  [main] o.s.w.s.m.m.a.RequestMappingHandlerAdapter [RequestMappingHandlerAdapter.java:534] Looking for @ControllerAdvice: org.springframework.boot.context.embedded.AnnotationConfigEmbeddedWebApplicationContext@4135c3b: startup date [Sun Aug 05 10:08:04 CST 2018]; root of context hierarchy
2018-08-05 10:08:09,045 INFO  [main] o.s.w.s.h.SimpleUrlHandlerMapping [AbstractUrlHandlerMapping.java:354] Mapped URL path [/webjars/**] onto handler of type [class org.springframework.web.servlet.resource.ResourceHttpRequestHandler]
2018-08-05 10:08:09,046 INFO  [main] o.s.w.s.h.SimpleUrlHandlerMapping [AbstractUrlHandlerMapping.java:354] Mapped URL path [/**] onto handler of type [class org.springframework.web.servlet.resource.ResourceHttpRequestHandler]
2018-08-05 10:08:09,116 INFO  [main] o.s.w.s.h.SimpleUrlHandlerMapping [AbstractUrlHandlerMapping.java:354] Mapped URL path [/**/favicon.ico] onto handler of type [class org.springframework.web.servlet.resource.ResourceHttpRequestHandler]
2018-08-05 10:08:09,484 INFO  [main] o.s.j.e.a.AnnotationMBeanExporter [MBeanExporter.java:431] Registering beans for JMX exposure on startup
2018-08-05 10:08:09,494 INFO  [main] o.s.c.s.DefaultLifecycleProcessor [DefaultLifecycleProcessor.java:341] Starting beans in phase 2147483647
2018-08-05 10:08:09,495 INFO  [main] s.d.s.w.p.DocumentationPluginsBootstrapper [DocumentationPluginsBootstrapper.java:120] Context refreshed
2018-08-05 10:08:09,516 INFO  [main] s.d.s.w.p.DocumentationPluginsBootstrapper [DocumentationPluginsBootstrapper.java:123] Found 1 custom documentation plugin(s)
2018-08-05 10:08:09,527 INFO  [main] s.d.s.w.s.ApiListingReferenceScanner [ApiListingReferenceScanner.java:44] Scanning for api listing references
2018-08-05 10:08:09,745 INFO  [main] o.a.c.h.Http11NioProtocol [DirectJDKLog.java:179] Initializing ProtocolHandler ["http-nio-8080"]
2018-08-05 10:08:09,757 INFO  [main] o.a.c.h.Http11NioProtocol [DirectJDKLog.java:179] Starting ProtocolHandler [http-nio-8080]
2018-08-05 10:08:09,783 INFO  [main] o.a.t.u.n.NioSelectorPool [DirectJDKLog.java:179] Using a shared selector for servlet write/read
2018-08-05 10:08:09,810 INFO  [main] o.s.b.c.e.t.TomcatEmbeddedServletContainer [TomcatEmbeddedServletContainer.java:185] Tomcat started on port(s): 8080 (http)
2018-08-05 10:08:09,816 INFO  [main] c.l.s.SpringbootApplication [StartupInfoLogger.java:57] Started SpringbootApplication in 6.587 seconds (JVM running for 8.659)
